2020-07-03 13:28:00 INFO:log:Starting...
2020-07-03 13:28:16 INFO:log:Reading Config...
2020-07-03 13:28:21 ERROR:log:App has Fail...
2020-07-03 13:29:36 INFO:log:Starting...
2020-07-03 13:29:36 INFO:log:Reading Config...
2020-07-03 13:29:53 INFO:log:Starting...
2020-07-03 13:29:53 INFO:log:Reading Config...
2020-07-03 13:30:09 INFO:log:Completed
2020-07-03 13:30:16 INFO:log:Starting...
2020-07-03 13:30:16 INFO:log:Reading Config...
2020-07-03 13:30:36 INFO:log:Config File read.
2020-07-03 13:30:36 INFO:log:Reading Data...
2020-07-03 13:30:36 ERROR:log:App has Fail...
2020-07-03 13:30:36 INFO:log:Completed
2020-07-03 13:32:26 INFO:log:Starting...
2020-07-03 13:32:26 INFO:log:Reading Config...
2020-07-03 13:32:34 INFO:log:Config File read.
2020-07-03 13:32:34 INFO:log:Reading Data...
2020-07-03 13:32:34 ERROR:log:App has Fail...
2020-07-03 13:32:34 INFO:log:Completed
2020-07-03 13:32:42 INFO:log:Starting...
2020-07-03 13:32:42 INFO:log:Reading Config...
2020-07-03 13:32:42 INFO:log:Config File read.
2020-07-03 13:32:42 INFO:log:Reading Data...
2020-07-03 13:33:43 ERROR:log:App has Fail...
2020-07-03 13:33:43 INFO:log:Completed
2020-07-03 13:36:44 INFO:log:Starting...
2020-07-03 13:36:44 INFO:log:Reading Config...
2020-07-03 13:36:44 INFO:log:Config File read.
2020-07-03 13:36:44 INFO:log:Reading Data...
2020-07-03 13:37:02 INFO:log:Completed
2020-07-03 13:37:10 INFO:log:Starting...
2020-07-03 13:37:10 INFO:log:Reading Config...
2020-07-03 13:37:10 INFO:log:Config File read.
2020-07-03 13:37:10 INFO:log:Reading Data...
2020-07-03 13:38:17 ERROR:log:App has Fail...
2020-07-03 13:38:17 INFO:log:Completed
2020-07-03 13:40:50 INFO:log:Starting...
2020-07-03 13:40:50 INFO:log:Reading Config...
2020-07-03 13:40:50 INFO:log:Config File read.
2020-07-03 13:40:50 INFO:log:Reading Data...
2020-07-03 13:41:42 INFO:log:Datos leidos.
2020-07-03 13:41:42 INFO:log:Completed
2020-07-03 13:42:52 INFO:log:Starting...
2020-07-03 13:42:52 INFO:log:Reading Config...
2020-07-03 13:42:52 INFO:log:Config File read.
2020-07-03 13:42:52 INFO:log:Reading Data...
2020-07-03 13:45:45 INFO:log:Completed
2020-07-03 13:55:58 INFO:log:Starting...
2020-07-03 13:55:58 INFO:log:Reading Config...
2020-07-03 13:55:58 INFO:log:Config File read.
2020-07-03 13:55:58 INFO:log:Reading Data...
2020-07-03 13:56:32 INFO:log:Datos leidos.
2020-07-03 13:56:32 INFO:log:Completed
2020-07-03 13:57:50 INFO:log:Starting...
2020-07-03 13:57:50 INFO:log:Reading Config...
2020-07-03 13:57:50 INFO:log:Config File read.
2020-07-03 13:57:50 INFO:log:Reading Data...
2020-07-03 13:57:57 INFO:log:Datos leidos.
2020-07-03 13:57:57 INFO:log:Completed
2020-07-03 13:59:44 INFO:log:Starting...
2020-07-03 13:59:44 INFO:log:Reading Config...
2020-07-03 13:59:44 INFO:log:Config File read.
2020-07-03 13:59:44 INFO:log:Reading Data...
2020-07-03 13:59:44 INFO:log:Datos leidos.
2020-07-03 14:01:27 INFO:log:Completed
2020-07-03 14:05:00 INFO:log:Starting...
2020-07-03 14:05:00 INFO:log:Reading Config...
2020-07-03 14:05:00 INFO:log:Config File read.
2020-07-03 14:05:00 INFO:log:Reading Data...
2020-07-03 14:05:16 INFO:log:Completed
2020-07-03 14:05:38 INFO:log:Starting...
2020-07-03 14:05:38 INFO:log:Reading Config...
2020-07-03 14:05:38 INFO:log:Config File read.
2020-07-03 14:05:38 INFO:log:Reading Data...
2020-07-03 14:06:42 INFO:log:Completed
2020-07-03 14:07:09 INFO:log:Starting...
2020-07-03 14:07:09 INFO:log:Reading Config...
2020-07-03 14:07:09 INFO:log:Config File read.
2020-07-03 14:07:09 INFO:log:Reading Data...
2020-07-03 14:07:22 INFO:log:Completed
2020-07-03 14:08:28 INFO:log:Starting...
2020-07-03 14:08:29 INFO:log:Reading Config...
2020-07-03 14:09:34 INFO:log:Config File read.
2020-07-03 14:09:35 INFO:log:Reading Data...
2020-07-03 14:14:12 INFO:log:Starting...
2020-07-03 14:14:12 INFO:log:Reading Config...
2020-07-03 14:14:12 INFO:log:Config File read.
2020-07-03 14:14:12 INFO:log:Reading Data...
2020-07-03 14:14:47 INFO:log:Completed
2020-07-03 17:57:03 INFO:log:Starting...
2020-07-03 17:57:03 INFO:log:Reading Config...
2020-07-03 17:57:03 INFO:log:Config File read.
2020-07-03 17:57:03 INFO:log:Reading Data...
2020-07-03 17:57:07 ERROR:log:App has Fail...
2020-07-03 17:57:07 INFO:log:Completed
2020-07-03 17:57:36 INFO:log:Starting...
2020-07-03 17:57:37 INFO:log:Reading Config...
2020-07-03 17:58:41 INFO:log:Completed
2020-07-03 17:59:40 INFO:log:Starting...
2020-07-03 17:59:40 INFO:log:Reading Config...
2020-07-03 17:59:40 INFO:log:Config File read.
2020-07-03 17:59:40 INFO:log:Reading Data...
2020-07-03 18:00:15 INFO:log:Completed
2020-07-03 18:01:10 INFO:log:Starting...
2020-07-03 18:01:10 INFO:log:Reading Config...
2020-07-03 18:01:10 INFO:log:Config File read.
2020-07-03 18:01:10 INFO:log:Reading Data...
2020-07-03 18:01:26 INFO:log:Completed
2020-07-03 18:03:45 INFO:log:Starting...
2020-07-03 18:03:47 INFO:log:Reading Config...
2020-07-03 18:03:51 INFO:log:Config File read.
2020-07-03 18:03:51 INFO:log:Reading Data...
2020-07-03 18:05:13 INFO:log:Starting...
2020-07-03 18:05:13 INFO:log:Reading Config...
2020-07-03 18:05:13 ERROR:log:App has Fail...
2020-07-03 18:05:14 INFO:log:Completed
2020-07-03 18:06:15 INFO:log:Starting...
2020-07-03 18:06:16 INFO:log:Reading Config...
2020-07-03 18:06:20 ERROR:log:App has Fail...
2020-07-03 18:08:05 INFO:log:Starting...
2020-07-03 18:08:05 INFO:log:Reading Config...
2020-07-03 18:08:05 ERROR:log:App has Fail...
2020-07-03 18:08:05 INFO:log:Completed
2020-07-03 18:10:31 INFO:log:Starting...
2020-07-03 18:10:31 INFO:log:Reading Config...
2020-07-03 18:11:54 INFO:log:Config leido.
2020-07-03 18:12:57 INFO:log:Completed
2020-07-03 18:13:39 INFO:log:Starting...
2020-07-03 18:13:39 INFO:log:Reading Config...
2020-07-03 18:13:52 INFO:log:Config read.
2020-07-03 19:05:29 INFO:log:Starting...
2020-07-03 19:05:30 INFO:log:Reading Config...
2020-07-03 19:06:44 ERROR:log:App has Fail...
2020-07-03 19:07:25 INFO:log:Completed
2020-07-03 19:07:27 INFO:log:Starting...
2020-07-03 19:07:27 INFO:log:Reading Config...
2020-07-03 19:08:07 ERROR:log:App has Fail...
2020-07-03 19:08:07 INFO:log:Completed
2020-07-03 19:08:13 INFO:log:Starting...
2020-07-03 19:08:13 INFO:log:Reading Config...
2020-07-03 19:08:23 ERROR:log:App has Fail...
2020-07-03 19:08:23 INFO:log:Completed
2020-07-03 19:08:33 INFO:log:Starting...
2020-07-03 19:08:33 INFO:log:Reading Config...
2020-07-03 19:10:18 INFO:log:Config read.
2020-07-03 19:10:18 INFO:log:Config File read.
2020-07-03 19:10:18 INFO:log:Reading Data...
2020-07-03 19:10:19 ERROR:log:App has Fail...
2020-07-03 19:10:19 INFO:log:Completed
